# JRE version: OpenJDK Runtime Environment Microsoft-10376486 (17.0.13+11) (build 17.0.13+11-LTS)
# Java VM: OpenJDK 64-Bit Server VM Microsoft-10376486 (17.0.13+11-LTS, mixed mode, sharing, tiered, compressed oops, compressed class ptrs, g1 gc, windows-amd64)
GC Precious Log:
 CPUs: 8 total, 8 available
 Memory: 6088M
 Large Page Support: Disabled
 NUMA Support: Disabled
 Compressed Oops: Enabled (32-bit)
 Heap Region Size: 1M
 Heap Min Capacity: 8M
 Heap Initial Capacity: 96M
 Heap Max Capacity: 2G
 Pre-touch: Disabled
 Parallel Workers: 8
 Concurrent Workers: 2
 Concurrent Refinement Workers: 8
 Periodic GC: Disabled
Heap:
 garbage-first heap   total 134144K, used 68746K [0x0000000080000000, 0x0000000100000000)
  region size 1024K, 5 young (5120K), 3 survivors (3072K)
 Metaspace       used 69227K, committed 70144K, reserved 491520K
  class space    used 9732K, committed 10176K, reserved 425984K
GC Heap History (20 events):
Event: 78.871 GC heap after
{Heap after GC invocations=24 (full 0):
 garbage-first heap   total 91136K, used 59861K [0x0000000080000000, 0x0000000100000000)
  region size 1024K, 1 young (1024K), 1 survivors (1024K)
 Metaspace       used 57639K, committed 58368K, reserved 491520K
  class space    used 8048K, committed 8384K, reserved 425984K
}
Event: 81.910 GC heap before
{Heap before GC invocations=24 (full 0):
 garbage-first heap   total 91136K, used 74197K [0x0000000080000000, 0x0000000100000000)
  region size 1024K, 15 young (15360K), 1 survivors (1024K)
 Metaspace       used 59417K, committed 60160K, reserved 491520K
  class space    used 8283K, committed 8640K, reserved 425984K
}
Event: 81.914 GC heap after
{Heap after GC invocations=25 (full 0):
 garbage-first heap   total 91136K, used 60316K [0x0000000080000000, 0x0000000100000000)
  region size 1024K, 1 young (1024K), 1 survivors (1024K)
 Metaspace       used 59417K, committed 60160K, reserved 491520K
  class space    used 8283K, committed 8640K, reserved 425984K
}
Event: 82.995 GC heap before
{Heap before GC invocations=26 (full 0):
 garbage-first heap   total 104448K, used 74652K [0x0000000080000000, 0x0000000100000000)
  region size 1024K, 15 young (15360K), 1 survivors (1024K)
 Metaspace       used 60322K, committed 61056K, reserved 491520K
  class space    used 8413K, committed 8768K, reserved 425984K
}
Event: 82.998 GC heap after
{Heap after GC invocations=27 (full 0):
 garbage-first heap   total 104448K, used 60735K [0x0000000080000000, 0x0000000100000000)
  region size 1024K, 2 young (2048K), 2 survivors (2048K)
 Metaspace       used 60322K, committed 61056K, reserved 491520K
  class space    used 8413K, committed 8768K, reserved 425984K
}
Event: 83.096 GC heap before
{Heap before GC invocations=27 (full 0):
 garbage-first heap   total 104448K, used 63807K [0x0000000080000000, 0x0000000100000000)
  region size 1024K, 5 young (5120K), 2 survivors (2048K)
 Metaspace       used 60513K, committed 61312K, reserved 491520K
  class space    used 8439K, committed 8832K, reserved 425984K
}
Event: 83.102 GC heap after
{Heap after GC invocations=28 (full 0):
 garbage-first heap   total 104448K, used 59011K [0x0000000080000000, 0x0000000100000000)
  region size 1024K, 1 young (1024K), 1 survivors (1024K)
 Metaspace       used 60513K, committed 61312K, reserved 491520K
  class space    used 8439K, committed 8832K, reserved 425984K
}
Event: 84.954 GC heap before
{Heap before GC invocations=28 (full 0):
 garbage-first heap   total 104448K, used 84611K [0x0000000080000000, 0x0000000100000000)
  region size 1024K, 27 young (27648K), 1 survivors (1024K)
 Metaspace       used 62301K, committed 63040K, reserved 491520K
  class space    used 8668K, committed 9024K, reserved 425984K
}
Event: 84.959 GC heap after
{Heap after GC invocations=29 (full 0):
 garbage-first heap   total 104448K, used 59940K [0x0000000080000000, 0x0000000100000000)
  region size 1024K, 2 young (2048K), 2 survivors (2048K)
 Metaspace       used 62301K, committed 63040K, reserved 491520K
  class space    used 8668K, committed 9024K, reserved 425984K
}
Event: 87.157 GC heap before
{Heap before GC invocations=30 (full 0):
 garbage-first heap   total 104448K, used 85540K [0x0000000080000000, 0x0000000100000000)
  region size 1024K, 27 young (27648K), 2 survivors (2048K)
 Metaspace       used 64569K, committed 65344K, reserved 491520K
  class space    used 9076K, committed 9408K, reserved 425984K
}
Event: 87.163 GC heap after
{Heap after GC invocations=31 (full 0):
 garbage-first heap   total 104448K, used 60792K [0x0000000080000000, 0x0000000100000000)
  region size 1024K, 3 young (3072K), 3 survivors (3072K)
 Metaspace       used 64569K, committed 65344K, reserved 491520K
  class space    used 9076K, committed 9408K, reserved 425984K
}
Event: 87.318 GC heap before
{Heap before GC invocations=31 (full 0):
 garbage-first heap   total 104448K, used 61816K [0x0000000080000000, 0x0000000100000000)
  region size 1024K, 5 young (5120K), 3 survivors (3072K)
 Metaspace       used 64645K, committed 65472K, reserved 491520K
  class space    used 9092K, committed 9472K, reserved 425984K
}
Event: 87.324 GC heap after
{Heap after GC invocations=32 (full 0):
 garbage-first heap   total 104448K, used 60593K [0x0000000080000000, 0x0000000100000000)
  region size 1024K, 1 young (1024K), 1 survivors (1024K)
 Metaspace       used 64645K, committed 65472K, reserved 491520K
  class space    used 9092K, committed 9472K, reserved 425984K
}
Event: 88.880 GC heap before
{Heap before GC invocations=32 (full 0):
 garbage-first heap   total 104448K, used 90289K [0x0000000080000000, 0x0000000100000000)
  region size 1024K, 27 young (27648K), 1 survivors (1024K)
 Metaspace       used 66071K, committed 66816K, reserved 491520K
  class space    used 9298K, committed 9664K, reserved 425984K
}
Event: 88.885 GC heap after
{Heap after GC invocations=33 (full 0):
 garbage-first heap   total 134144K, used 64256K [0x0000000080000000, 0x0000000100000000)
  region size 1024K, 1 young (1024K), 1 survivors (1024K)
 Metaspace       used 66071K, committed 66816K, reserved 491520K
  class space    used 9298K, committed 9664K, reserved 425984K
}
Event: 92.453 GC heap before
{Heap before GC invocations=34 (full 0):
 garbage-first heap   total 134144K, used 112384K [0x0000000080000000, 0x0000000100000000)
  region size 1024K, 48 young (49152K), 1 survivors (1024K)
 Metaspace       used 67769K, committed 68544K, reserved 491520K
  class space    used 9548K, committed 9920K, reserved 425984K
}
Event: 92.460 GC heap after
{Heap after GC invocations=35 (full 0):
 garbage-first heap   total 134144K, used 66540K [0x0000000080000000, 0x0000000100000000)
  region size 1024K, 4 young (4096K), 4 survivors (4096K)
 Metaspace       used 67769K, committed 68544K, reserved 491520K
  class space    used 9548K, committed 9920K, reserved 425984K
}
Event: 92.856 GC heap before
{Heap before GC invocations=35 (full 0):
 garbage-first heap   total 134144K, used 68588K [0x0000000080000000, 0x0000000100000000)
  region size 1024K, 6 young (6144K), 4 survivors (4096K)
 Metaspace       used 67800K, committed 68544K, reserved 491520K
  class space    used 9548K, committed 9920K, reserved 425984K
}
Event: 92.867 GC heap after
{Heap after GC invocations=36 (full 0):
 garbage-first heap   total 134144K, used 66155K [0x0000000080000000, 0x0000000100000000)
  region size 1024K, 1 young (1024K), 1 survivors (1024K)
 Metaspace       used 67800K, committed 68544K, reserved 491520K
  class space    used 9548K, committed 9920K, reserved 425984K
}
Event: 97.726 GC heap before
{Heap before GC invocations=36 (full 0):
 garbage-first heap   total 134144K, used 111211K [0x0000000080000000, 0x0000000100000000)
  region size 1024K, 45 young (46080K), 1 survivors (1024K)
 Metaspace       used 69180K, committed 70016K, reserved 491520K
  class space    used 9726K, committed 10112K, reserved 425984K
}

