# JRE version: OpenJDK Runtime Environment Microsoft-10376486 (17.0.13+11) (build 17.0.13+11-LTS)
# Java VM: OpenJDK 64-Bit Server VM Microsoft-10376486 (17.0.13+11-LTS, mixed mode, sharing, tiered, compressed oops, compressed class ptrs, g1 gc, windows-amd64)
GC Precious Log:
 CPUs: 8 total, 8 available
 Memory: 6088M
 Large Page Support: Disabled
 NUMA Support: Disabled
 Compressed Oops: Enabled (32-bit)
 Heap Region Size: 1M
 Heap Min Capacity: 8M
 Heap Initial Capacity: 96M
 Heap Max Capacity: 2G
 Pre-touch: Disabled
 Parallel Workers: 8
 Concurrent Workers: 2
 Concurrent Refinement Workers: 8
 Periodic GC: Disabled
Heap:
 garbage-first heap   total 89088K, used 45724K [0x0000000080000000, 0x0000000100000000)
  region size 1024K, 25 young (25600K), 7 survivors (7168K)
 Metaspace       used 29691K, committed 30080K, reserved 491520K
  class space    used 4117K, committed 4288K, reserved 425984K
GC Heap History (14 events):
Event: 1.089 GC heap before
{Heap before GC invocations=0 (full 0):
 garbage-first heap   total 98304K, used 22528K [0x0000000080000000, 0x0000000100000000)
  region size 1024K, 23 young (23552K), 0 survivors (0K)
 Metaspace       used 1077K, committed 1216K, reserved 491520K
  class space    used 72K, committed 128K, reserved 425984K
}
Event: 1.097 GC heap after
{Heap after GC invocations=1 (full 0):
 garbage-first heap   total 98304K, used 3832K [0x0000000080000000, 0x0000000100000000)
  region size 1024K, 3 young (3072K), 3 survivors (3072K)
 Metaspace       used 1077K, committed 1216K, reserved 491520K
  class space    used 72K, committed 128K, reserved 425984K
}
Event: 2.723 GC heap before
{Heap before GC invocations=1 (full 0):
 garbage-first heap   total 98304K, used 38648K [0x0000000080000000, 0x0000000100000000)
  region size 1024K, 34 young (34816K), 3 survivors (3072K)
 Metaspace       used 4347K, committed 4544K, reserved 491520K
  class space    used 545K, committed 640K, reserved 425984K
}
Event: 2.738 GC heap after
{Heap after GC invocations=2 (full 0):
 garbage-first heap   total 98304K, used 11230K [0x0000000080000000, 0x0000000100000000)
  region size 1024K, 5 young (5120K), 5 survivors (5120K)
 Metaspace       used 4347K, committed 4544K, reserved 491520K
  class space    used 545K, committed 640K, reserved 425984K
}
Event: 4.591 GC heap before
{Heap before GC invocations=2 (full 0):
 garbage-first heap   total 98304K, used 51166K [0x0000000080000000, 0x0000000100000000)
  region size 1024K, 42 young (43008K), 5 survivors (5120K)
 Metaspace       used 4437K, committed 4608K, reserved 491520K
  class space    used 547K, committed 640K, reserved 425984K
}
Event: 4.605 GC heap after
{Heap after GC invocations=3 (full 0):
 garbage-first heap   total 98304K, used 16250K [0x0000000080000000, 0x0000000100000000)
  region size 1024K, 4 young (4096K), 4 survivors (4096K)
 Metaspace       used 4437K, committed 4608K, reserved 491520K
  class space    used 547K, committed 640K, reserved 425984K
}
Event: 7.737 GC heap before
{Heap before GC invocations=3 (full 0):
 garbage-first heap   total 98304K, used 67450K [0x0000000080000000, 0x0000000100000000)
  region size 1024K, 54 young (55296K), 4 survivors (4096K)
 Metaspace       used 13268K, committed 13504K, reserved 491520K
  class space    used 1812K, committed 1920K, reserved 425984K
}
Event: 7.750 GC heap after
{Heap after GC invocations=4 (full 0):
 garbage-first heap   total 98304K, used 20619K [0x0000000080000000, 0x0000000100000000)
  region size 1024K, 5 young (5120K), 5 survivors (5120K)
 Metaspace       used 13268K, committed 13504K, reserved 491520K
  class space    used 1812K, committed 1920K, reserved 425984K
}
Event: 12.588 GC heap before
{Heap before GC invocations=4 (full 0):
 garbage-first heap   total 98304K, used 66699K [0x0000000080000000, 0x0000000100000000)
  region size 1024K, 50 young (51200K), 5 survivors (5120K)
 Metaspace       used 19015K, committed 19328K, reserved 491520K
  class space    used 2737K, committed 2880K, reserved 425984K
}
Event: 12.604 GC heap after
{Heap after GC invocations=5 (full 0):
 garbage-first heap   total 98304K, used 23687K [0x0000000080000000, 0x0000000100000000)
  region size 1024K, 3 young (3072K), 3 survivors (3072K)
 Metaspace       used 19015K, committed 19328K, reserved 491520K
  class space    used 2737K, committed 2880K, reserved 425984K
}
Event: 15.126 GC heap before
{Heap before GC invocations=5 (full 0):
 garbage-first heap   total 98304K, used 42119K [0x0000000080000000, 0x0000000100000000)
  region size 1024K, 22 young (22528K), 3 survivors (3072K)
 Metaspace       used 21185K, committed 21504K, reserved 491520K
  class space    used 3076K, committed 3264K, reserved 425984K
}
Event: 15.133 GC heap after
{Heap after GC invocations=6 (full 0):
 garbage-first heap   total 98304K, used 24612K [0x0000000080000000, 0x0000000100000000)
  region size 1024K, 4 young (4096K), 4 survivors (4096K)
 Metaspace       used 21185K, committed 21504K, reserved 491520K
  class space    used 3076K, committed 3264K, reserved 425984K
}
Event: 19.824 GC heap before
{Heap before GC invocations=7 (full 0):
 garbage-first heap   total 89088K, used 71716K [0x0000000080000000, 0x0000000100000000)
  region size 1024K, 51 young (52224K), 4 survivors (4096K)
 Metaspace       used 29184K, committed 29632K, reserved 491520K
  class space    used 4068K, committed 4288K, reserved 425984K
}
Event: 19.836 GC heap after
{Heap after GC invocations=8 (full 0):
 garbage-first heap   total 89088K, used 28316K [0x0000000080000000, 0x0000000100000000)
  region size 1024K, 7 young (7168K), 7 survivors (7168K)
 Metaspace       used 29184K, committed 29632K, reserved 491520K
  class space    used 4068K, committed 4288K, reserved 425984K
}

